2025/10/23 05:50:26 [notice] 1#1: using the "epoll" event method
2025/10/23 05:50:26 [notice] 1#1: nginx/1.29.2
2025/10/23 05:50:26 [notice] 1#1: built by gcc 14.2.0 (Debian 14.2.0-19) 
2025/10/23 05:50:26 [notice] 1#1: OS: Linux 6.10.14-linuxkit
2025/10/23 05:50:26 [notice] 1#1: getrlimit(RLIMIT_NOFILE): 1048576:1048576
2025/10/23 05:50:26 [notice] 1#1: start worker processes
2025/10/23 05:50:26 [notice] 1#1: start worker process 20
2025/10/23 05:50:26 [notice] 1#1: start worker process 21
2025/10/23 05:50:26 [notice] 1#1: start worker process 22
2025/10/23 05:50:26 [notice] 1#1: start worker process 23
2025/10/23 05:50:26 [notice] 1#1: start worker process 24
2025/10/23 05:50:26 [notice] 1#1: start worker process 25
2025/10/23 05:50:26 [notice] 1#1: start worker process 26
2025/10/23 05:50:26 [notice] 1#1: start worker process 27
2025/10/23 05:55:24 [error] 20#20: *47 upstream prematurely closed connection while reading response header from upstream, client: 172.21.0.1, server: , request: "GET / HTTP/1.1", upstream: "http://172.21.0.2:5000/", host: "localhost:8080"
2025/10/23 05:55:24 [error] 20#20: *47 connect() failed (111: Connection refused) while connecting to upstream, client: 172.21.0.1, server: , request: "GET /.well-known/appspecific/com.chrome.devtools.json HTTP/1.1", upstream: "http://172.21.0.2:5000/.well-known/appspecific/com.chrome.devtools.json", host: "localhost:8080"
2025/10/23 05:55:24 [error] 20#20: *47 connect() failed (111: Connection refused) while connecting to upstream, client: 172.21.0.1, server: , request: "GET /favicon.ico HTTP/1.1", upstream: "http://172.21.0.2:5000/favicon.ico", host: "localhost:8080", referrer: "http://localhost:8080/"
2025/10/23 05:55:59 [error] 20#20: *64 upstream prematurely closed connection while reading response header from upstream, client: 172.21.0.1, server: , request: "GET / HTTP/1.1", upstream: "http://172.21.0.2:5000/", host: "localhost:8080"
2025/10/23 05:55:59 [error] 20#20: *64 connect() failed (111: Connection refused) while connecting to upstream, client: 172.21.0.1, server: , request: "GET /.well-known/appspecific/com.chrome.devtools.json HTTP/1.1", upstream: "http://172.21.0.2:5000/.well-known/appspecific/com.chrome.devtools.json", host: "localhost:8080"
2025/10/23 05:56:00 [error] 20#20: *64 connect() failed (111: Connection refused) while connecting to upstream, client: 172.21.0.1, server: , request: "GET /favicon.ico HTTP/1.1", upstream: "http://172.21.0.2:5000/favicon.ico", host: "localhost:8080", referrer: "http://localhost:8080/"
2025/10/23 06:01:02 [notice] 28#28: signal process started
2025/10/23 06:01:02 [notice] 1#1: signal 1 (SIGHUP) received from 28, reconfiguring
2025/10/23 06:01:02 [notice] 1#1: reconfiguring
2025/10/23 06:01:02 [notice] 1#1: using the "epoll" event method
2025/10/23 06:01:02 [notice] 1#1: start worker processes
2025/10/23 06:01:02 [notice] 1#1: start worker process 34
2025/10/23 06:01:02 [notice] 1#1: start worker process 35
2025/10/23 06:01:02 [notice] 1#1: start worker process 36
2025/10/23 06:01:02 [notice] 1#1: start worker process 37
2025/10/23 06:01:02 [notice] 1#1: start worker process 38
2025/10/23 06:01:02 [notice] 1#1: start worker process 39
2025/10/23 06:01:02 [notice] 1#1: start worker process 40
2025/10/23 06:01:02 [notice] 1#1: start worker process 41
2025/10/23 06:01:02 [notice] 20#20: gracefully shutting down
2025/10/23 06:01:02 [notice] 20#20: exiting
2025/10/23 06:01:02 [notice] 23#23: gracefully shutting down
2025/10/23 06:01:02 [notice] 21#21: gracefully shutting down
2025/10/23 06:01:02 [notice] 21#21: exiting
2025/10/23 06:01:02 [notice] 24#24: gracefully shutting down
2025/10/23 06:01:02 [notice] 24#24: exiting
2025/10/23 06:01:02 [notice] 26#26: gracefully shutting down
2025/10/23 06:01:02 [notice] 26#26: exiting
2025/10/23 06:01:02 [notice] 22#22: gracefully shutting down
2025/10/23 06:01:02 [notice] 22#22: exiting
2025/10/23 06:01:02 [notice] 27#27: gracefully shutting down
2025/10/23 06:01:02 [notice] 27#27: exiting
2025/10/23 06:01:02 [notice] 25#25: gracefully shutting down
2025/10/23 06:01:02 [notice] 20#20: exit
2025/10/23 06:01:02 [notice] 23#23: exiting
2025/10/23 06:01:02 [notice] 21#21: exit
2025/10/23 06:01:02 [notice] 24#24: exit
2025/10/23 06:01:02 [notice] 26#26: exit
2025/10/23 06:01:02 [notice] 22#22: exit
2025/10/23 06:01:02 [notice] 27#27: exit
2025/10/23 06:01:02 [notice] 25#25: exiting
2025/10/23 06:01:02 [notice] 23#23: exit
2025/10/23 06:01:02 [notice] 25#25: exit
2025/10/23 06:01:02 [notice] 1#1: signal 17 (SIGCHLD) received from 26
2025/10/23 06:01:02 [notice] 1#1: worker process 20 exited with code 0
2025/10/23 06:01:02 [notice] 1#1: worker process 21 exited with code 0
2025/10/23 06:01:02 [notice] 1#1: worker process 22 exited with code 0
2025/10/23 06:01:02 [notice] 1#1: worker process 24 exited with code 0
2025/10/23 06:01:02 [notice] 1#1: worker process 26 exited with code 0
2025/10/23 06:01:02 [notice] 1#1: signal 29 (SIGIO) received
2025/10/23 06:01:02 [notice] 1#1: signal 17 (SIGCHLD) received from 24
2025/10/23 06:01:02 [notice] 1#1: signal 17 (SIGCHLD) received from 23
2025/10/23 06:01:02 [notice] 1#1: worker process 23 exited with code 0
2025/10/23 06:01:02 [notice] 1#1: signal 29 (SIGIO) received
2025/10/23 06:01:02 [notice] 1#1: signal 17 (SIGCHLD) received from 25
2025/10/23 06:01:02 [notice] 1#1: worker process 25 exited with code 0
2025/10/23 06:01:02 [notice] 1#1: worker process 27 exited with code 0
2025/10/23 06:01:02 [notice] 1#1: signal 29 (SIGIO) received
2025/10/23 06:01:02 [notice] 1#1: signal 17 (SIGCHLD) received from 27
